<?xml version="1.0" encoding="UTF-8"?>
<!-- Generated by org.testng.reporters.JUnitReportReporter -->
<testsuite hostname="DESKTOP-3KOP925" failures="0" tests="1" name="com.app.TDD.demo.TestUsernameFeature" time="0.027" errors="0" timestamp="2023-11-21T07:50:13 IST" skipped="0">
  <testcase classname="com.app.TDD.demo.TestUsernameFeature" name="UsernameTest" time="0.027"/>
  <system-out/>
</testsuite> <!-- com.app.TDD.demo.TestUsernameFeature -->
